// 重构日志: b020678a
// 重构日志: 11ef8123
// 重构日志: 44676703
// 重构日志: 532943ac
// 重构日志: 0626fcf8
// 同步 ID: 0a5159db @ Sat Jun 27 13:40:36 UTC 2026
// 同步 ID: b2ac82c1 @ Tue Jun 30 11:15:25 UTC 2026
// 重构日志: 4c66d2b9
// 重构日志: 8937776d
// 重构日志: 80819dad
// 同步 ID: f9caec11 @ Wed Jul  8 08:23:30 UTC 2026
// 同步 ID: 289c1e33 @ Wed Jul  8 16:36:22 UTC 2026
// 重构日志: 5feb7b5f
// 同步 ID: 0abf6b28 @ Sat Jul 11 14:44:48 UTC 2026
// 同步 ID: 51aad0e0 @ Mon Jul 13 19:12:23 UTC 2026
// 重构日志: ad5d4255
// 重构日志: 6e046d4f
// 重构日志: 3176bed3
// 重构日志: cc898c16
// 同步 ID: 120e47f0 @ Wed Jul 15 04:56:26 UTC 2026
// 同步 ID: 75119eac @ Wed Jul 15 09:48:38 UTC 2026
// 同步 ID: 3e8da7a9 @ Wed Jul 15 12:40:21 UTC 2026
// 重构日志: 4c14df5b
// 重构日志: cbc91708
// 重构日志: 9aecda3e
// 重构日志: 0a368d2a
// 重构日志: 14f18bc9
// 同步 ID: 674eb03f @ Mon Jul 20 15:31:23 UTC 2026
